\BOOKMARK [1][-]{section.1}{\376\377\000G\000o\000a\000l\000\040\000o\000f\000\040\000T\000h\000i\000s\000\040\000D\000o\000c\000u\000m\000e\000n\000t}{}% 1
\BOOKMARK [1][-]{section.2}{\376\377\000W\000h\000a\000t\000\040\000P\000r\000o\000b\000l\000e\000m\000\040\000A\000r\000e\000\040\000W\000e\000\040\000S\000o\000l\000v\000i\000n\000g\000?}{}% 2
\BOOKMARK [1][-]{section.3}{\376\377\000W\000h\000y\000\040\000N\000o\000t\000\040\000U\000s\000e\000\040\000a\000\040\000S\000i\000m\000p\000l\000e\000\040\000C\000u\000r\000v\000e\000\040\000F\000i\000t\000?}{}% 3
\BOOKMARK [1][-]{section.4}{\376\377\000W\000h\000a\000t\000\040\000I\000s\000\040\000a\000n\000\040\000L\000S\000T\000M\000\040\000a\000t\000\040\000a\000\040\000H\000i\000g\000h\000\040\000L\000e\000v\000e\000l\000?}{}% 4
\BOOKMARK [1][-]{section.5}{\376\377\000S\000t\000e\000p\000\040\0001\000:\000\040\000R\000e\000a\000d\000i\000n\000g\000\040\000t\000h\000e\000\040\000D\000a\000t\000a}{}% 5
\BOOKMARK [1][-]{section.6}{\376\377\000S\000t\000e\000p\000\040\0002\000:\000\040\000C\000l\000e\000a\000n\000i\000n\000g\000\040\000D\000u\000p\000l\000i\000c\000a\000t\000e\000\040\000T\000i\000m\000e\000\040\000S\000t\000a\000m\000p\000s}{}% 6
\BOOKMARK [1][-]{section.7}{\376\377\000S\000t\000e\000p\000\040\0003\000:\000\040\000S\000y\000n\000c\000h\000r\000o\000n\000i\000z\000i\000n\000g\000\040\000t\000h\000e\000\040\000S\000i\000g\000n\000a\000l\000s}{}% 7
\BOOKMARK [1][-]{section.8}{\376\377\000S\000t\000e\000p\000\040\0004\000:\000\040\000P\000l\000o\000t\000t\000i\000n\000g\000\040\000t\000h\000e\000\040\000D\000a\000t\000a\000\040\000B\000e\000f\000o\000r\000e\000\040\000T\000r\000a\000i\000n\000i\000n\000g}{}% 8
\BOOKMARK [1][-]{section.9}{\376\377\000S\000t\000e\000p\000\040\0005\000:\000\040\000D\000e\000f\000i\000n\000i\000n\000g\000\040\000t\000h\000e\000\040\000L\000S\000T\000M\000\040\000I\000n\000p\000u\000t\000\040\000a\000n\000d\000\040\000O\000u\000t\000p\000u\000t}{}% 9
\BOOKMARK [1][-]{section.10}{\376\377\000S\000t\000e\000p\000\040\0006\000:\000\040\000S\000p\000l\000i\000t\000t\000i\000n\000g\000\040\000T\000r\000a\000i\000n\000i\000n\000g\000\040\000a\000n\000d\000\040\000T\000e\000s\000t\000i\000n\000g\000\040\000D\000a\000t\000a}{}% 10
\BOOKMARK [1][-]{section.11}{\376\377\000S\000t\000e\000p\000\040\0007\000:\000\040\000N\000o\000r\000m\000a\000l\000i\000z\000a\000t\000i\000o\000n}{}% 11
\BOOKMARK [1][-]{section.12}{\376\377\000S\000t\000e\000p\000\040\0008\000:\000\040\000N\000e\000t\000w\000o\000r\000k\000\040\000A\000r\000c\000h\000i\000t\000e\000c\000t\000u\000r\000e}{}% 12
\BOOKMARK [2][-]{subsection.12.1}{\376\377\000S\000e\000q\000u\000e\000n\000c\000e\000\040\000I\000n\000p\000u\000t\000\040\000L\000a\000y\000e\000r}{section.12}% 13
\BOOKMARK [2][-]{subsection.12.2}{\376\377\000L\000S\000T\000M\000\040\000L\000a\000y\000e\000r}{section.12}% 14
\BOOKMARK [2][-]{subsection.12.3}{\376\377\000F\000u\000l\000l\000y\000\040\000C\000o\000n\000n\000e\000c\000t\000e\000d\000\040\000L\000a\000y\000e\000r}{section.12}% 15
\BOOKMARK [2][-]{subsection.12.4}{\376\377\000R\000e\000L\000U\000\040\000L\000a\000y\000e\000r}{section.12}% 16
\BOOKMARK [2][-]{subsection.12.5}{\376\377\000F\000i\000n\000a\000l\000\040\000F\000u\000l\000l\000y\000\040\000C\000o\000n\000n\000e\000c\000t\000e\000d\000\040\000L\000a\000y\000e\000r}{section.12}% 17
\BOOKMARK [2][-]{subsection.12.6}{\376\377\000R\000e\000g\000r\000e\000s\000s\000i\000o\000n\000\040\000L\000a\000y\000e\000r}{section.12}% 18
\BOOKMARK [1][-]{section.13}{\376\377\000S\000t\000e\000p\000\040\0009\000:\000\040\000T\000r\000a\000i\000n\000i\000n\000g\000\040\000O\000p\000t\000i\000o\000n\000s}{}% 19
\BOOKMARK [1][-]{section.14}{\376\377\000S\000t\000e\000p\000\040\0001\0000\000:\000\040\000P\000r\000e\000d\000i\000c\000t\000i\000o\000n}{}% 20
\BOOKMARK [1][-]{section.15}{\376\377\000S\000t\000e\000p\000\040\0001\0001\000:\000\040\000E\000r\000r\000o\000r\000\040\000C\000a\000l\000c\000u\000l\000a\000t\000i\000o\000n}{}% 21
\BOOKMARK [1][-]{section.16}{\376\377\000S\000t\000e\000p\000\040\0001\0002\000:\000\040\000R\000e\000s\000u\000l\000t\000s}{}% 22
\BOOKMARK [1][-]{section.17}{\376\377\000S\000t\000e\000p\000\040\0001\0003\000:\000\040\000S\000a\000v\000e\000d\000\040\000O\000u\000t\000p\000u\000t\000s}{}% 23
\BOOKMARK [1][-]{section.18}{\376\377\000H\000o\000w\000\040\000T\000h\000i\000s\000\040\000C\000o\000n\000n\000e\000c\000t\000s\000\040\000t\000o\000\040\000t\000h\000e\000\040\000L\000a\000r\000g\000e\000r\000\040\000A\000c\000t\000u\000a\000t\000o\000r\000\040\000N\000e\000t\000w\000o\000r\000k\000\040\000W\000o\000r\000k}{}% 24
\BOOKMARK [1][-]{section.19}{\376\377\000W\000h\000a\000t\000\040\000S\000h\000o\000u\000l\000d\000\040\000B\000e\000\040\000D\000o\000n\000e\000\040\000N\000e\000x\000t}{}% 25
\BOOKMARK [1][-]{section.20}{\376\377\000C\000o\000n\000c\000l\000u\000s\000i\000o\000n}{}% 26
